2021-04-08 19:18:15,662 [Worker-7: Loading available Gradle versions] INFO  o.e.b.c.i.u.g.PublishedGradleVersions - Gradle version information cache is up-to-date. Trying to read.
2021-04-08 19:20:08,586 [Worker-2: Loading available Gradle versions] INFO  o.e.b.c.i.u.g.PublishedGradleVersions - Gradle version information cache is up-to-date. Trying to read.
2021-04-08 19:21:01,898 [Worker-6: Loading available Gradle versions] INFO  o.e.b.c.i.u.g.PublishedGradleVersions - Gradle version information cache is up-to-date. Trying to read.
2021-06-07 17:13:41,953 [Worker-2: Loading available Gradle versions] INFO  o.e.b.c.i.u.g.PublishedGradleVersions - Gradle version information cache is out-of-date. Trying to update.
2021-06-15 16:01:46,286 [Worker-1: Loading available Gradle versions] INFO  o.e.b.c.i.u.g.PublishedGradleVersions - Gradle version information cache is up-to-date. Trying to read.
2021-06-15 16:03:11,950 [Worker-0: Update Maven projects configuration] INFO  o.e.m.c.i.p.ProjectConfigurationManager - Update started
2021-06-15 16:03:13,106 [Worker-0: Update Maven projects configuration] INFO  o.e.m.c.i.l.LifecycleMappingFactory - Using org.eclipse.m2e.jdt.JarLifecycleMapping lifecycle mapping for MavenProject: com.example:demo:0.0.1-SNAPSHOT @ /Users/taka2356/LetsEngineer/curriculum/Java Study/demo/pom.xml.
2021-06-15 16:03:15,038 [Worker-0: Update Maven projects configuration] INFO  o.e.m.j.i.AbstractJavaProjectConfigurator - Adding source folder /demo/src/main/java
2021-06-15 16:03:15,038 [Worker-0: Update Maven projects configuration] INFO  o.e.m.j.i.AbstractJavaProjectConfigurator - Adding resource folder /demo/src/main/resources
2021-06-15 16:03:15,053 [Worker-0: Update Maven projects configuration] INFO  o.e.m.j.i.AbstractJavaProjectConfigurator - Adding resource folder /demo/src/main/resources
2021-06-15 16:03:15,064 [Worker-0: Update Maven projects configuration] INFO  o.e.m.j.i.AbstractJavaProjectConfigurator - Adding source folder /demo/src/test/java
2021-06-15 16:03:16,714 [Worker-0: Update Maven projects configuration] INFO  o.e.m.c.i.p.ProjectConfigurationManager - Update completed: 4 sec
2021-06-15 16:03:19,066 [Worker-10: ビルド] INFO  o.e.m.c.i.embedder.EclipseLogger - Using 'UTF-8' encoding to copy filtered resources.
2021-06-15 16:03:19,073 [Worker-10: ビルド] INFO  o.e.m.c.i.embedder.EclipseLogger - Copying 1 resource
2021-06-15 16:03:19,092 [Worker-10: ビルド] INFO  o.e.m.c.i.embedder.EclipseLogger - Copying 3 resources
2021-06-15 16:03:19,104 [Worker-10: ビルド] INFO  o.e.m.c.i.embedder.EclipseLogger - Using 'UTF-8' encoding to copy filtered resources.
2021-06-15 16:03:19,104 [Worker-10: ビルド] INFO  o.e.m.c.i.embedder.EclipseLogger - skip non existing resourceDirectory /Users/taka2356/LetsEngineer/curriculum/Java Study/demo/src/test/resources
2021-06-15 16:03:24,483 [Worker-13: ビルド] INFO  o.e.m.c.i.embedder.EclipseLogger - Using 'UTF-8' encoding to copy filtered resources.
2021-06-15 16:03:24,486 [Worker-13: ビルド] INFO  o.e.m.c.i.embedder.EclipseLogger - Copying 0 resource
2021-06-15 16:03:24,487 [Worker-13: ビルド] INFO  o.e.m.c.i.embedder.EclipseLogger - Copying 0 resource
2021-06-15 16:03:24,491 [Worker-13: ビルド] INFO  o.e.m.c.i.embedder.EclipseLogger - Using 'UTF-8' encoding to copy filtered resources.
2021-06-15 16:03:24,491 [Worker-13: ビルド] INFO  o.e.m.c.i.embedder.EclipseLogger - skip non existing resourceDirectory /Users/taka2356/LetsEngineer/curriculum/Java Study/demo/src/test/resources
