2021-06-23 18:54:45,679 [Worker-8: Loading available Gradle versions] INFO  o.e.b.c.i.u.g.PublishedGradleVersions - Gradle version information cache is up-to-date. Trying to read.
2021-06-23 18:55:32,455 [Worker-6: Loading available Gradle versions] INFO  o.e.b.c.i.u.g.PublishedGradleVersions - Gradle version information cache is up-to-date. Trying to read.
2021-06-23 18:56:08,267 [Worker-6: Loading available Gradle versions] INFO  o.e.b.c.i.u.g.PublishedGradleVersions - Gradle version information cache is up-to-date. Trying to read.
2021-06-23 18:57:00,130 [Worker-15: ビルド] INFO  o.e.m.c.i.l.LifecycleMappingFactory - Using org.eclipse.m2e.jdt.JarLifecycleMapping lifecycle mapping for MavenProject: com.example:demo:0.0.1-SNAPSHOT @ /Users/taka2356/LetsEngineer/curriculum/Java Study/demo/pom.xml.
2021-06-23 18:57:01,438 [Worker-15: ビルド] INFO  o.e.m.c.i.embedder.EclipseLogger - Using 'UTF-8' encoding to copy filtered resources.
2021-06-23 18:57:01,443 [Worker-15: ビルド] INFO  o.e.m.c.i.embedder.EclipseLogger - Copying 1 resource
2021-06-23 18:57:01,459 [Worker-15: ビルド] INFO  o.e.m.c.i.embedder.EclipseLogger - Copying 3 resources
2021-06-23 18:57:01,463 [Worker-15: ビルド] INFO  o.e.m.c.i.embedder.EclipseLogger - Using 'UTF-8' encoding to copy filtered resources.
2021-06-23 18:57:01,463 [Worker-15: ビルド] INFO  o.e.m.c.i.embedder.EclipseLogger - skip non existing resourceDirectory /Users/taka2356/LetsEngineer/curriculum/Java Study/demo/src/test/resources
2021-06-23 18:59:42,630 [Worker-4: Loading available Gradle versions] INFO  o.e.b.c.i.u.g.PublishedGradleVersions - Gradle version information cache is up-to-date. Trying to read.
2021-06-23 20:42:20,107 [Worker-8: Loading available Gradle versions] INFO  o.e.b.c.i.u.g.PublishedGradleVersions - Gradle version information cache is up-to-date. Trying to read.
2021-06-25 13:39:09,475 [Worker-4: Loading available Gradle versions] INFO  o.e.b.c.i.u.g.PublishedGradleVersions - Gradle version information cache is out-of-date. Trying to update.
2021-06-25 13:40:01,809 [Worker-5: ビルド] INFO  o.e.m.c.i.embedder.EclipseLogger - Using 'UTF-8' encoding to copy filtered resources.
2021-06-25 13:40:01,813 [Worker-5: ビルド] INFO  o.e.m.c.i.embedder.EclipseLogger - Copying 1 resource
2021-06-25 13:40:01,827 [Worker-5: ビルド] INFO  o.e.m.c.i.embedder.EclipseLogger - Copying 3 resources
2021-06-25 13:40:01,830 [Worker-5: ビルド] INFO  o.e.m.c.i.embedder.EclipseLogger - Using 'UTF-8' encoding to copy filtered resources.
2021-06-25 13:40:01,831 [Worker-5: ビルド] INFO  o.e.m.c.i.embedder.EclipseLogger - skip non existing resourceDirectory /Users/taka2356/LetsEngineer/curriculum/Java Study/demo/src/test/resources
2021-06-25 13:50:29,270 [Worker-5: Loading available Gradle versions] INFO  o.e.b.c.i.u.g.PublishedGradleVersions - Gradle version information cache is up-to-date. Trying to read.
2021-06-26 12:50:33,194 [Worker-0: Loading available Gradle versions] INFO  o.e.b.c.i.u.g.PublishedGradleVersions - Gradle version information cache is up-to-date. Trying to read.
2021-06-26 12:53:28,065 [Worker-8: ビルド] INFO  o.e.m.c.i.embedder.EclipseLogger - Using 'UTF-8' encoding to copy filtered resources.
2021-06-26 12:53:28,072 [Worker-8: ビルド] INFO  o.e.m.c.i.embedder.EclipseLogger - Copying 1 resource
2021-06-26 12:53:28,093 [Worker-8: ビルド] INFO  o.e.m.c.i.embedder.EclipseLogger - Copying 3 resources
2021-06-26 12:53:28,096 [Worker-8: ビルド] INFO  o.e.m.c.i.embedder.EclipseLogger - Using 'UTF-8' encoding to copy filtered resources.
2021-06-26 12:53:28,096 [Worker-8: ビルド] INFO  o.e.m.c.i.embedder.EclipseLogger - skip non existing resourceDirectory /Users/taka2356/LetsEngineer/curriculum/Java Study/demo/src/test/resources
